\BOOKMARK [1][-]{section.1}{\376\377\000D\000e\000s\000c\000r\000i\000p\000c\000i\000\363\000n\000\040\000d\000e\000\040\000a\000c\000t\000i\000v\000i\000d\000a\000d\000e\000s}{}% 1
\BOOKMARK [1][-]{section.2}{\376\377\000D\000e\000s\000a\000r\000r\000o\000l\000l\000o\000\040\000\050\000P\000a\000r\000t\000e\000\040\0001\000\051}{}% 2
\BOOKMARK [2][-]{subsection.2.1}{\376\377\000C\000\363\000d\000i\000g\000o\000s\000\040\000d\000e\000\040\000c\000a\000d\000a\000\040\000D\000o\000c\000k\000e\000r\000f\000i\000l\000e}{section.2}% 3
\BOOKMARK [3][-]{subsubsection.2.1.1}{\376\377\000C\0001}{subsection.2.1}% 4
\BOOKMARK [3][-]{subsubsection.2.1.2}{\376\377\000C\0002}{subsection.2.1}% 5
\BOOKMARK [3][-]{subsubsection.2.1.3}{\376\377\000C\0003}{subsection.2.1}% 6
\BOOKMARK [3][-]{subsubsection.2.1.4}{\376\377\000C\0004\000/\000S\0001}{subsection.2.1}% 7
\BOOKMARK [2][-]{subsection.2.2}{\376\377\000C\000r\000e\000a\000c\000i\000\363\000n\000\040\000d\000e\000\040\000l\000a\000s\000\040\000c\000r\000e\000d\000e\000n\000c\000i\000a\000l\000e\000s\000\040\000p\000a\000r\000a\000\040\000S\0001}{section.2}% 8
\BOOKMARK [2][-]{subsection.2.3}{\376\377\000T\000r\000\341\000f\000i\000c\000o\000\040\000g\000e\000n\000e\000r\000a\000d\000o\000\040\000p\000o\000r\000\040\000C\0001\000\040\000\050\000d\000e\000t\000a\000l\000l\000a\000d\000o\000\051}{section.2}% 9
\BOOKMARK [2][-]{subsection.2.4}{\376\377\000T\000r\000\341\000f\000i\000c\000o\000\040\000g\000e\000n\000e\000r\000a\000d\000o\000\040\000p\000o\000r\000\040\000C\0002\000\040\000\050\000d\000e\000t\000a\000l\000l\000a\000d\000o\000\051}{section.2}% 10
\BOOKMARK [2][-]{subsection.2.5}{\376\377\000T\000r\000\341\000f\000i\000c\000o\000\040\000g\000e\000n\000e\000r\000a\000d\000o\000\040\000p\000o\000r\000\040\000C\0003\000\040\000\050\000d\000e\000t\000a\000l\000l\000a\000d\000o\000\051}{section.2}% 11
\BOOKMARK [2][-]{subsection.2.6}{\376\377\000T\000r\000\341\000f\000i\000c\000o\000\040\000g\000e\000n\000e\000r\000a\000d\000o\000\040\000p\000o\000r\000\040\000C\0004\000\040\000\050\000i\000f\000a\000c\000e\000\040\000l\000o\000\051\000\040\000\050\000d\000e\000t\000a\000l\000l\000a\000d\000o\000\051}{section.2}% 12
\BOOKMARK [2][-]{subsection.2.7}{\376\377\000D\000i\000f\000e\000r\000e\000n\000c\000i\000a\000\040\000e\000n\000t\000r\000e\000\040\000C\0001\000\040\000y\000\040\000C\0002}{section.2}% 13
\BOOKMARK [2][-]{subsection.2.8}{\376\377\000D\000i\000f\000e\000r\000e\000n\000c\000i\000a\000\040\000e\000n\000t\000r\000e\000\040\000C\0002\000\040\000y\000\040\000C\0003}{section.2}% 14
\BOOKMARK [2][-]{subsection.2.9}{\376\377\000D\000i\000f\000e\000r\000e\000n\000c\000i\000a\000\040\000e\000n\000t\000r\000e\000\040\000C\0003\000\040\000y\000\040\000C\0004}{section.2}% 15
\BOOKMARK [1][-]{section.3}{\376\377\000D\000e\000s\000a\000r\000r\000o\000l\000l\000o\000\040\000\050\000P\000a\000r\000t\000e\000\040\0002\000\051}{}% 16
\BOOKMARK [2][-]{subsection.3.1}{\376\377\000I\000d\000e\000n\000t\000i\000f\000i\000c\000a\000c\000i\000\363\000n\000\040\000d\000e\000l\000\040\000c\000l\000i\000e\000n\000t\000e\000\040\000s\000s\000h}{section.3}% 17
\BOOKMARK [2][-]{subsection.3.2}{\376\377\000R\000e\000p\000l\000i\000c\000a\000c\000i\000\363\000n\000\040\000d\000e\000\040\000t\000r\000\341\000f\000i\000c\000o\000\040\000\050\000p\000a\000s\000o\000\040\000p\000o\000r\000\040\000p\000a\000s\000o\000\051}{section.3}% 18
\BOOKMARK [1][-]{section.4}{\376\377\000D\000e\000s\000a\000r\000r\000o\000l\000l\000o\000\040\000\050\000P\000a\000r\000t\000e\000\040\0003\000\051}{}% 19
\BOOKMARK [2][-]{subsection.4.1}{\376\377\000R\000e\000p\000l\000i\000c\000a\000c\000i\000\363\000n\000\040\000d\000e\000\040\000t\000r\000\341\000f\000i\000c\000o\000\040\000\050\000p\000a\000s\000o\000\040\000p\000o\000r\000\040\000p\000a\000s\000o\000\051}{section.4}% 20
